#
# A fatal error has been detected by the Java Runtime Environment:
#
#  EXCEPTION_STACK_OVERFLOW (0xc00000fd) at pc=0x6400b9a3, pid=6048, tid=0x00002304
#
# JRE version: Java(TM) SE Runtime Environment (8.0_191-b12) (build 1.8.0_191-b12)
# Java VM: Java HotSpot(TM) Client VM (25.191-b12 mixed mode windows-x86 )
# Problematic frame:
# C  [jSSC-2.8_x86.dll+0xb9a3]
#
# Failed to write core dump. Minidumps are not enabled by default on client versions of Windows
#
# If you would like to submit a bug report, please visit:
#   http://bugreport.java.com/bugreport/crash.jsp
# The crash happened outside the Java Virtual Machine in native code.
# See problematic frame for where to report the bug.
#

---------------  T H R E A D  ---------------

Current thread (0x29113800):  JavaThread "EventThread COM4" [_thread_in_native, id=8964, stack(0x024e0000,0x02530000)]

siginfo: ExceptionCode=0xc00000fd, ExceptionInformation=0x00000001 0x024e0320 

Registers:
EAX=0x000b8320, EBX=0x00b0b400, ECX=0x024e0320, EDX=0x00000000
ESP=0x0252f314, EBP=0x0252f378, ESI=0x29113940, EDI=0x00b0b414
EIP=0x6400b9a3, EFLAGS=0x00010202

Top of Stack: (sp=0x0252f314)
0x0252f314:   00106320 00000000 64001739 00000014
0x0252f324:   04626c72 00000001 00000000 00000000
0x0252f334:   00000001 00106320 00000001 0001e7c8
0x0252f344:   09580000 00000880 035aa2e0 0000006c
0x0252f354:   0000006c 00000880 00000dec 032fddae
0x0252f364:   033baaa0 0252f49c 00000000 13be6920
0x0252f374:   29113800 0252f3a8 033bab25 29113940
0x0252f384:   0252f394 00000880 00000000 00106320 

Instructions: (pc=0x6400b9a3)
0x6400b983:   fd ff ff eb 91 90 90 90 90 90 90 90 90 51 50 3d
0x6400b993:   00 10 00 00 8d 4c 24 0c 72 15 81 e9 00 10 00 00
0x6400b9a3:   83 09 00 2d 00 10 00 00 3d 00 10 00 00 77 eb 29
0x6400b9b3:   c1 83 09 00 58 59 c3 90 90 8b 44 24 04 c7 00 ff 


Register to memory mapping:

EAX=0x000b8320 is an unknown value
EBX=0x00b0b400 is an unknown value
ECX=0x024e0320 is pointing into the stack for thread: 0x29113800
EDX=0x00000000 is an unknown value
ESP=0x0252f314 is pointing into the stack for thread: 0x29113800
EBP=0x0252f378 is pointing into the stack for thread: 0x29113800
ESI=0x29113940 is an unknown value
EDI=0x00b0b414 is an unknown value


Stack: [0x024e0000,0x02530000],  sp=0x0252f314,  free space=316k
Native frames: (J=compiled Java code, j=interpreted, Vv=VM code, C=native code)
C  [jSSC-2.8_x86.dll+0xb9a3]
J 5162  jssc.SerialNativeInterface.readBytes(JI)[B (0 bytes) @ 0x033bab25 [0x033baa90+0x95]
J 3603 C1 jssc.SerialPort$EventThread.run()V (84 bytes) @ 0x03749270 [0x03749000+0x270]
v  ~StubRoutines::call_stub
V  [jvm.dll+0x15c315]
V  [jvm.dll+0x223ece]
V  [jvm.dll+0x15c3ae]
V  [jvm.dll+0x15c536]
V  [jvm.dll+0x15c5a7]
V  [jvm.dll+0x1002ef]
V  [jvm.dll+0x17f550]
V  [jvm.dll+0x17fdca]
V  [jvm.dll+0x1c57a6]
C  [msvcr100.dll+0x5c556]
C  [msvcr100.dll+0x5c600]
C  [KERNEL32.DLL+0x16359]
C  [ntdll.dll+0x687a4]
C  [ntdll.dll+0x68774]
C  0x00000000

Java frames: (J=compiled Java code, j=interpreted, Vv=VM code)
J 5162  jssc.SerialNativeInterface.readBytes(JI)[B (0 bytes) @ 0x033baae1 [0x033baa90+0x51]
J 3603 C1 jssc.SerialPort$EventThread.run()V (84 bytes) @ 0x03749270 [0x03749000+0x270]
v  ~StubRoutines::call_stub

---------------  P R O C E S S  ---------------

Java Threads: ( => current thread )
=>0x29113800 JavaThread "EventThread COM4" [_thread_in_native, id=8964, stack(0x024e0000,0x02530000)]
  0x2910ec00 JavaThread "DestroyJavaVM" [_thread_blocked, id=1256, stack(0x022f0000,0x02340000)]
  0x2741bc00 JavaThread "TimerQueue" daemon [_thread_blocked, id=1536, stack(0x2a580000,0x2a5d0000)]
  0x2741c400 JavaThread "AWT-EventQueue-0" [_thread_in_Java, id=5384, stack(0x2a010000,0x2a060000)]
  0x2741a800 JavaThread "AWT-Shutdown" [_thread_blocked, id=7104, stack(0x29f80000,0x29fd0000)]
  0x27419000 JavaThread "Batik CleanerThread" daemon [_thread_blocked, id=8360, stack(0x28b90000,0x28be0000)]
  0x27606400 JavaThread "JmDNS(DESKTOP-GDEEQ4A.local.).State.Timer" [_thread_blocked, id=5956, stack(0x286e0000,0x28730000)]
  0x27605c00 JavaThread "JmDNS(DESKTOP-GDEEQ4A.local.).Timer" daemon [_thread_blocked, id=7672, stack(0x28650000,0x286a0000)]
  0x27605800 JavaThread "SocketListener(DESKTOP-GDEEQ4A.local.)" daemon [_thread_in_native, id=3148, stack(0x284c0000,0x28510000)]
  0x27546800 JavaThread "Multihomed mDNS.Timer" daemon [_thread_in_native, id=4392, stack(0x267b0000,0x26800000)]
  0x27549c00 JavaThread "cc.arduino.packages.discoverers.serial.SerialDiscovery" [_thread_blocked, id=804, stack(0x28130000,0x28180000)]
  0x2634d000 JavaThread "AWT-Windows" daemon [_thread_in_native, id=9056, stack(0x26840000,0x26890000)]
  0x2634c000 JavaThread "Java2D Disposer" daemon [_thread_blocked, id=1432, stack(0x26720000,0x26770000)]
  0x25962c00 JavaThread "Service Thread" daemon [_thread_blocked, id=7540, stack(0x25fc0000,0x26010000)]
  0x25942800 JavaThread "C1 CompilerThread0" daemon [_thread_blocked, id=8660, stack(0x25f30000,0x25f80000)]
  0x25940c00 JavaThread "Attach Listener" daemon [_thread_blocked, id=6844, stack(0x25ea0000,0x25ef0000)]
  0x2593d000 JavaThread "Signal Dispatcher" daemon [_thread_blocked, id=1500, stack(0x25e10000,0x25e60000)]
  0x2592b800 JavaThread "Finalizer" daemon [_thread_blocked, id=2524, stack(0x25c70000,0x25cc0000)]
  0x25925c00 JavaThread "Reference Handler" daemon [_thread_blocked, id=5148, stack(0x25be0000,0x25c30000)]

Other Threads:
  0x25910400 VMThread [stack: 0x25b50000,0x25ba0000] [id=8392]
  0x2596ec00 WatcherThread [stack: 0x26050000,0x260a0000] [id=2056]

VM state:not at safepoint (normal execution)

VM Mutex/Monitor currently owned by a thread: None

Heap:
 def new generation   total 75648K, used 18833K [0x05400000, 0x0a610000, 0x0fea0000)
  eden space 67264K,  27% used [0x05400000, 0x06664458, 0x095b0000)
  from space 8384K,   0% used [0x095b0000, 0x095b0000, 0x09de0000)
  to   space 8384K,   0% used [0x09de0000, 0x09de0000, 0x0a610000)
 tenured generation   total 167900K, used 100739K [0x0fea0000, 0x1a297000, 0x25400000)
   the space 167900K,  59% used [0x0fea0000, 0x16100f10, 0x16101000, 0x1a297000)
 Metaspace       used 25287K, capacity 25833K, committed 25984K, reserved 25984K

Card table byte_map: [0x052f0000,0x05400000] byte_map_base: 0x052c6000

Polling page: 0x02340000

CodeCache: size=32768Kb used=2777Kb max_used=4582Kb free=29990Kb
 bounds [0x032f0000, 0x03770000, 0x052f0000]
 total_blobs=1583 nmethods=1286 adapters=225
 compilation: enabled

Compilation events (10 events):
Event: 2311.443 Thread 0x25942800 5183             sun.font.TrueTypeGlyphMapper::charToGlyph (54 bytes)
Event: 2311.443 Thread 0x25942800 nmethod 5183 0x034ed488 code [0x034ed5a0, 0x034ed6d4]
Event: 2311.443 Thread 0x25942800 5184   !         sun.font.TrueTypeGlyphMapper::getGlyphFromCMAP (95 bytes)
Event: 2311.445 Thread 0x25942800 nmethod 5184 0x034ec9c8 code [0x034ecb70, 0x034ecf40]
Event: 2311.445 Thread 0x25942800 5185   !         sun.font.TrueTypeFont::checkUseNatives (316 bytes)
Event: 2311.448 Thread 0x25942800 nmethod 5185 0x034eb448 code [0x034eb630, 0x034ebf58]
Event: 2311.479 Thread 0x25942800 5186   !         javax.swing.text.PlainDocument::insertUpdate (423 bytes)
Event: 2311.488 Thread 0x25942800 nmethod 5186 0x034e5848 code [0x034e5b20, 0x034e6e5c]
Event: 2314.906 Thread 0x25942800 5187             sun.nio.cs.UTF_8$Decoder::isMalformed4_2 (56 bytes)
Event: 2314.907 Thread 0x25942800 nmethod 5187 0x034eb208 code [0x034eb300, 0x034eb3e0]

GC Heap History (10 events):
Event: 1657.608 GC heap before
{Heap before GC invocations=17 (full 3):
 def new generation   total 75392K, used 71619K [0x05400000, 0x0a5c0000, 0x0fea0000)
  eden space 67072K, 100% used [0x05400000, 0x09580000, 0x09580000)
  from space 8320K,  54% used [0x09580000, 0x099f0e80, 0x09da0000)
  to   space 8320K,   0% used [0x09da0000, 0x09da0000, 0x0a5c0000)
 tenured generation   total 167336K, used 140406K [0x0fea0000, 0x1a20a000, 0x25400000)
   the space 167336K,  83% used [0x0fea0000, 0x187bda30, 0x187bdc00, 0x1a20a000)
 Metaspace       used 25310K, capacity 25841K, committed 25856K, reserved 25984K
Event: 1657.633 GC heap after
Heap after GC invocations=18 (full 3):
 def new generation   total 75392K, used 784K [0x05400000, 0x0a5c0000, 0x0fea0000)
  eden space 67072K,   0% used [0x05400000, 0x05400000, 0x09580000)
  from space 8320K,   9% used [0x09da0000, 0x09e64258, 0x0a5c0000)
  to   space 8320K,   0% used [0x09580000, 0x09580000, 0x09da0000)
 tenured generation   total 167336K, used 144137K [0x0fea0000, 0x1a20a000, 0x25400000)
   the space 167336K,  86% used [0x0fea0000, 0x18b626c8, 0x18b62800, 0x1a20a000)
 Metaspace       used 25310K, capacity 25841K, committed 25856K, reserved 25984K
}
Event: 2146.811 GC heap before
{Heap before GC invocations=18 (full 3):
 def new generation   total 75392K, used 67856K [0x05400000, 0x0a5c0000, 0x0fea0000)
  eden space 67072K, 100% used [0x05400000, 0x09580000, 0x09580000)
  from space 8320K,   9% used [0x09da0000, 0x09e64258, 0x0a5c0000)
  to   space 8320K,   0% used [0x09580000, 0x09580000, 0x09da0000)
 tenured generation   total 167336K, used 144137K [0x0fea0000, 0x1a20a000, 0x25400000)
   the space 167336K,  86% used [0x0fea0000, 0x18b626c8, 0x18b62800, 0x1a20a000)
 Metaspace       used 25311K, capacity 25841K, committed 25856K, reserved 25984K
Event: 2146.821 GC heap after
Heap after GC invocations=19 (full 3):
 def new generation   total 75392K, used 925K [0x05400000, 0x0a5c0000, 0x0fea0000)
  eden space 67072K,   0% used [0x05400000, 0x05400000, 0x09580000)
  from space 8320K,  11% used [0x09580000, 0x09667670, 0x09da0000)
  to   space 8320K,   0% used [0x09da0000, 0x09da0000, 0x0a5c0000)
 tenured generation   total 167336K, used 144137K [0x0fea0000, 0x1a20a000, 0x25400000)
   the space 167336K,  86% used [0x0fea0000, 0x18b626c8, 0x18b62800, 0x1a20a000)
 Metaspace       used 25311K, capacity 25841K, committed 25856K, reserved 25984K
}
Event: 2311.597 GC heap before
{Heap before GC invocations=19 (full 3):
 def new generation   total 75392K, used 67997K [0x05400000, 0x0a5c0000, 0x0fea0000)
  eden space 67072K, 100% used [0x05400000, 0x09580000, 0x09580000)
  from space 8320K,  11% used [0x09580000, 0x09667670, 0x09da0000)
  to   space 8320K,   0% used [0x09da0000, 0x09da0000, 0x0a5c0000)
 tenured generation   total 167336K, used 144137K [0x0fea0000, 0x1a20a000, 0x25400000)
   the space 167336K,  86% used [0x0fea0000, 0x18b626c8, 0x18b62800, 0x1a20a000)
 Metaspace       used 25313K, capacity 25873K, committed 25984K, reserved 25984K
Event: 2311.625 GC heap after
Heap after GC invocations=20 (full 3):
 def new generation   total 75392K, used 8320K [0x05400000, 0x0a5c0000, 0x0fea0000)
  eden space 67072K,   0% used [0x05400000, 0x05400000, 0x09580000)
  from space 8320K, 100% used [0x09da0000, 0x0a5c0000, 0x0a5c0000)
  to   space 8320K,   0% used [0x09580000, 0x09580000, 0x09da0000)
 tenured generation   total 167336K, used 148593K [0x0fea0000, 0x1a20a000, 0x25400000)
   the space 167336K,  88% used [0x0fea0000, 0x18fbc5d0, 0x18fbc600, 0x1a20a000)
 Metaspace       used 25313K, capacity 25873K, committed 25984K, reserved 25984K
}
Event: 2315.537 GC heap before
{Heap before GC invocations=20 (full 3):
 def new generation   total 75392K, used 75392K [0x05400000, 0x0a5c0000, 0x0fea0000)
  eden space 67072K, 100% used [0x05400000, 0x09580000, 0x09580000)
  from space 8320K, 100% used [0x09da0000, 0x0a5c0000, 0x0a5c0000)
  to   space 8320K,   0% used [0x09580000, 0x09580000, 0x09da0000)
 tenured generation   total 167336K, used 148593K [0x0fea0000, 0x1a20a000, 0x25400000)
   the space 167336K,  88% used [0x0fea0000, 0x18fbc5d0, 0x18fbc600, 0x1a20a000)
 Metaspace       used 25313K, capacity 25873K, committed 25984K, reserved 25984K
Event: 2315.658 GC heap after
Heap after GC invocations=21 (full 3):
 def new generation   total 75392K, used 6593K [0x05400000, 0x0a5c0000, 0x0fea0000)
  eden space 67072K,   0% used [0x05400000, 0x05400000, 0x09580000)
  from space 8320K,  79% used [0x09580000, 0x09bf0650, 0x09da0000)
  to   space 8320K,   0% used [0x09da0000, 0x09da0000, 0x0a5c0000)
 tenured generation   total 167336K, used 166879K [0x0fea0000, 0x1a20a000, 0x25400000)
   the space 167336K,  99% used [0x0fea0000, 0x1a197cb8, 0x1a197e00, 0x1a20a000)
 Metaspace       used 25313K, capacity 25873K, committed 25984K, reserved 25984K
}
Event: 2318.160 GC heap before
{Heap before GC invocations=21 (full 3):
 def new generation   total 75392K, used 69553K [0x05400000, 0x0a5c0000, 0x0fea0000)
  eden space 67072K,  93% used [0x05400000, 0x0917bfb0, 0x09580000)
  from space 8320K,  79% used [0x09580000, 0x09bf0650, 0x09da0000)
  to   space 8320K,   0% used [0x09da0000, 0x09da0000, 0x0a5c0000)
 tenured generation   total 167336K, used 166879K [0x0fea0000, 0x1a20a000, 0x25400000)
   the space 167336K,  99% used [0x0fea0000, 0x1a197cb8, 0x1a197e00, 0x1a20a000)
 Metaspace       used 25313K, capacity 25873K, committed 25984K, reserved 25984K
Event: 2319.391 GC heap after
Heap after GC invocations=22 (full 4):
 def new generation   total 75648K, used 0K [0x05400000, 0x0a610000, 0x0fea0000)
  eden space 67264K,   0% used [0x05400000, 0x05400000, 0x095b0000)
  from space 8384K,   0% used [0x095b0000, 0x095b0000, 0x09de0000)
  to   space 8384K,   0% used [0x09de0000, 0x09de0000, 0x0a610000)
 tenured generation   total 167900K, used 100739K [0x0fea0000, 0x1a297000, 0x25400000)
   the space 167900K,  59% used [0x0fea0000, 0x16100f10, 0x16101000, 0x1a297000)
 Metaspace       used 25287K, capacity 25833K, committed 25984K, reserved 25984K
}

Deoptimization events (0 events):
No events

Classes redefined (0 events):
No events

Internal exceptions (10 events):
Event: 2310.831 Thread 0x29111800 Exception <a 'sun/nio/fs/WindowsException'> (0x08181640) thrown at [C:\workspace\8-2-build-windows-i586-cygwin\jdk8u191\11896\hotspot\src\share\vm\prims\jni.cpp, line 709]
Event: 2310.831 Thread 0x29111800 Exception <a 'sun/nio/fs/WindowsException'> (0x08181b80) thrown at [C:\workspace\8-2-build-windows-i586-cygwin\jdk8u191\11896\hotspot\src\share\vm\prims\jni.cpp, line 709]
Event: 2310.949 Thread 0x29111800 Exception <a 'sun/nio/fs/WindowsException'> (0x08232850) thrown at [C:\workspace\8-2-build-windows-i586-cygwin\jdk8u191\11896\hotspot\src\share\vm\prims\jni.cpp, line 709]
Event: 2310.950 Thread 0x29111800 Exception <a 'sun/nio/fs/WindowsException'> (0x08232db8) thrown at [C:\workspace\8-2-build-windows-i586-cygwin\jdk8u191\11896\hotspot\src\share\vm\prims\jni.cpp, line 709]
Event: 2311.006 Thread 0x29111800 Exception <a 'sun/nio/fs/WindowsException'> (0x08247698) thrown at [C:\workspace\8-2-build-windows-i586-cygwin\jdk8u191\11896\hotspot\src\share\vm\prims\jni.cpp, line 709]
Event: 2311.011 Thread 0x29111800 Exception <a 'sun/nio/fs/WindowsException'> (0x08247c40) thrown at [C:\workspace\8-2-build-windows-i586-cygwin\jdk8u191\11896\hotspot\src\share\vm\prims\jni.cpp, line 709]
Event: 2311.044 Thread 0x29111800 Exception <a 'sun/nio/fs/WindowsException'> (0x082b0068) thrown at [C:\workspace\8-2-build-windows-i586-cygwin\jdk8u191\11896\hotspot\src\share\vm\prims\jni.cpp, line 709]
Event: 2311.044 Thread 0x29111800 Exception <a 'sun/nio/fs/WindowsException'> (0x082b0648) thrown at [C:\workspace\8-2-build-windows-i586-cygwin\jdk8u191\11896\hotspot\src\share\vm\prims\jni.cpp, line 709]
Event: 2311.078 Thread 0x29111800 Exception <a 'sun/nio/fs/WindowsException'> (0x082bd0a0) thrown at [C:\workspace\8-2-build-windows-i586-cygwin\jdk8u191\11896\hotspot\src\share\vm\prims\jni.cpp, line 709]
Event: 2311.083 Thread 0x29111800 Exception <a 'sun/nio/fs/WindowsException'> (0x082bd698) thrown at [C:\workspace\8-2-build-windows-i586-cygwin\jdk8u191\11896\hotspot\src\share\vm\prims\jni.cpp, line 709]

Events (10 events):
Event: 2311.296 Thread 0x29111800 Thread exited: 0x29111800
Event: 2311.335 Thread 0x25942800 flushing nmethod 0x035f0708
Event: 2311.425 Thread 0x2741c400 DEOPT PACKING pc=0x03556057 sp=0x2a05e460
Event: 2311.425 Thread 0x2741c400 DEOPT UNPACKING pc=0x0332c5e5 sp=0x2a05e2f4 mode 3
Event: 2311.593 Executing VM operation: GenCollectForAllocation
Event: 2311.626 Executing VM operation: GenCollectForAllocation done
Event: 2315.529 Executing VM operation: GenCollectForAllocation
Event: 2315.666 Executing VM operation: GenCollectForAllocation done
Event: 2318.158 Executing VM operation: GenCollectForAllocation
Event: 2319.391 Executing VM operation: GenCollectForAllocation done


Dynamic libraries:
0x006f0000 - 0x00723000 	C:\Program Files (x86)\Arduino\java\bin\javaw.exe
0x77140000 - 0x772da000 	C:\Windows\SYSTEM32\ntdll.dll
0x74920000 - 0x74a00000 	C:\Windows\System32\KERNEL32.DLL
0x74ad0000 - 0x74ccf000 	C:\Windows\System32\KERNELBASE.dll
0x755b0000 - 0x75629000 	C:\Windows\System32\ADVAPI32.dll
0x75030000 - 0x750ef000 	C:\Windows\System32\msvcrt.dll
0x76a10000 - 0x76a86000 	C:\Windows\System32\sechost.dll
0x750f0000 - 0x751ab000 	C:\Windows\System32\RPCRT4.dll
0x74900000 - 0x74920000 	C:\Windows\System32\SspiCli.dll
0x748f0000 - 0x748fa000 	C:\Windows\System32\CRYPTBASE.dll
0x76080000 - 0x760e0000 	C:\Windows\System32\bcryptPrimitives.dll
0x75ee0000 - 0x76078000 	C:\Windows\System32\USER32.dll
0x75db0000 - 0x75dc7000 	C:\Windows\System32\win32u.dll
0x75430000 - 0x75451000 	C:\Windows\System32\GDI32.dll
0x74df0000 - 0x74f4d000 	C:\Windows\System32\gdi32full.dll
0x76840000 - 0x768bc000 	C:\Windows\System32\msvcp_win.dll
0x76530000 - 0x76650000 	C:\Windows\System32\ucrtbase.dll
0x73ee0000 - 0x740ef000 	C:\Windows\WinSxS\x86_microsoft.windows.common-controls_6595b64144ccf1df_6.0.18362.1556_none_e62b6e06f8da6adb\COMCTL32.dll
0x751b0000 - 0x75427000 	C:\Windows\System32\combase.dll
0x76700000 - 0x76725000 	C:\Windows\System32\IMM32.DLL
0x73630000 - 0x736ef000 	C:\Program Files (x86)\Arduino\java\bin\msvcr100.dll
0x73250000 - 0x73623000 	C:\Program Files (x86)\Arduino\java\bin\client\jvm.dll
0x75ed0000 - 0x75ed6000 	C:\Windows\System32\PSAPI.DLL
0x748c0000 - 0x748e4000 	C:\Windows\SYSTEM32\WINMM.dll
0x74110000 - 0x74118000 	C:\Windows\SYSTEM32\WSOCK32.dll
0x770d0000 - 0x7712e000 	C:\Windows\System32\WS2_32.dll
0x74320000 - 0x74328000 	C:\Windows\SYSTEM32\VERSION.dll
0x74890000 - 0x748b3000 	C:\Windows\SYSTEM32\WINMMBASE.dll
0x75460000 - 0x7549b000 	C:\Windows\System32\cfgmgr32.dll
0x73220000 - 0x73250000 	C:\Program Files (x86)\Arduino\java\bin\splashscreen.dll
0x73e50000 - 0x73eca000 	C:\Windows\system32\uxtheme.dll
0x74100000 - 0x7410c000 	C:\Program Files (x86)\Arduino\java\bin\verify.dll
0x731f0000 - 0x73212000 	C:\Program Files (x86)\Arduino\java\bin\java.dll
0x76730000 - 0x76833000 	C:\Windows\System32\MSCTF.dll
0x768e0000 - 0x76972000 	C:\Windows\System32\OLEAUT32.dll
0x768c0000 - 0x768cf000 	C:\Windows\System32\kernel.appcore.dll
0x73160000 - 0x731e2000 	C:\Windows\System32\TextInputFramework.dll
0x72e70000 - 0x72ef9000 	C:\Windows\System32\CoreMessaging.dll
0x72f00000 - 0x7315e000 	C:\Windows\System32\CoreUIComponents.dll
0x76980000 - 0x76a04000 	C:\Windows\System32\SHCORE.dll
0x74170000 - 0x74199000 	C:\Windows\SYSTEM32\ntmarta.dll
0x72d90000 - 0x72e67000 	C:\Windows\SYSTEM32\wintypes.dll
0x72d70000 - 0x72d84000 	C:\Program Files (x86)\Arduino\java\bin\zip.dll
0x72b40000 - 0x72d6a000 	C:\Windows\System32\iertutil.dll
0x75630000 - 0x75bab000 	C:\Windows\System32\SHELL32.dll
0x76a90000 - 0x77051000 	C:\Windows\System32\windows.storage.dll
0x770b0000 - 0x770c7000 	C:\Windows\System32\profapi.dll
0x77060000 - 0x770a3000 	C:\Windows\System32\powrprof.dll
0x768d0000 - 0x768dd000 	C:\Windows\System32\UMPDC.dll
0x74cf0000 - 0x74d34000 	C:\Windows\System32\shlwapi.dll
0x76670000 - 0x76683000 	C:\Windows\System32\cryptsp.dll
0x61940000 - 0x619b3000 	C:\Program Files (x86)\Arduino\lib\listSerialsj.dll
0x760e0000 - 0x76529000 	C:\Windows\System32\SETUPAPI.dll
0x74cd0000 - 0x74ce9000 	C:\Windows\System32\bcrypt.dll
0x72b20000 - 0x72b3d000 	C:\Program Files (x86)\Arduino\lib\jnidispatch-4.2.2-win32-x86.dll
0x75dd0000 - 0x75ec7000 	C:\Windows\System32\Ole32.dll
0x72b00000 - 0x72b15000 	C:\Program Files (x86)\Arduino\java\bin\net.dll
0x72aa0000 - 0x72af2000 	C:\Windows\system32\mswsock.dll
0x740f0000 - 0x740ff000 	C:\Program Files (x86)\Arduino\java\bin\nio.dll
0x72950000 - 0x72a97000 	C:\Program Files (x86)\Arduino\java\bin\awt.dll
0x73740000 - 0x737df000 	C:\Windows\SYSTEM32\apphelp.dll
0x72920000 - 0x72945000 	C:\Windows\system32\DWMAPI.DLL
0x728e0000 - 0x72919000 	C:\Program Files (x86)\Arduino\java\bin\fontmanager.dll
0x727e0000 - 0x728df000 	C:\Windows\system32\opengl32.dll
0x727a0000 - 0x727df000 	C:\Windows\SYSTEM32\GLU32.dll
0x72780000 - 0x72799000 	C:\Windows\SYSTEM32\dxcore.dll
0x72740000 - 0x72772000 	C:\Program Files (x86)\Arduino\java\bin\t2k.dll
0x72730000 - 0x7273a000 	C:\Program Files (x86)\Arduino\java\bin\management.dll
0x72710000 - 0x72721000 	C:\Windows\system32\napinsp.dll
0x726f0000 - 0x72706000 	C:\Windows\system32\pnrpnsp.dll
0x72650000 - 0x726e3000 	C:\Windows\SYSTEM32\DNSAPI.dll
0x76660000 - 0x76667000 	C:\Windows\System32\NSI.dll
0x74330000 - 0x74362000 	C:\Windows\SYSTEM32\IPHLPAPI.DLL
0x72640000 - 0x7264b000 	C:\Windows\System32\winrnr.dll
0x72620000 - 0x72636000 	C:\Windows\system32\NLAapi.dll
0x72610000 - 0x72620000 	C:\Windows\system32\wshbth.dll
0x725b0000 - 0x72601000 	C:\Windows\System32\fwpuclnt.dll
0x725a0000 - 0x725a8000 	C:\Windows\System32\rasadhlp.dll
0x72580000 - 0x72593000 	C:\Windows\SYSTEM32\dhcpcsvc6.DLL
0x72560000 - 0x72575000 	C:\Windows\SYSTEM32\dhcpcsvc.DLL
0x72530000 - 0x7255f000 	C:\Windows\system32\rsaenh.dll
0x742d0000 - 0x742ee000 	C:\Windows\SYSTEM32\USERENV.dll
0x747f0000 - 0x74813000 	C:\Windows\SYSTEM32\DEVOBJ.dll
0x74a60000 - 0x74aa6000 	C:\Windows\System32\WINTRUST.dll
0x76690000 - 0x7669e000 	C:\Windows\System32\MSASN1.dll
0x754a0000 - 0x755a1000 	C:\Windows\System32\CRYPT32.dll
0x72510000 - 0x72530000 	C:\Program Files (x86)\Arduino\java\bin\sunec.dll
0x72500000 - 0x72509000 	C:\Program Files (x86)\Arduino\java\bin\sunmscapi.dll
0x72490000 - 0x724f9000 	C:\Program Files (x86)\Arduino\msvcp100.dll
0x723d0000 - 0x7248e000 	C:\Program Files (x86)\Arduino\msvcr100.dll
0x28b10000 - 0x28b42000 	C:\Program Files (x86)\Arduino\lib\AStylej.dll
0x723a0000 - 0x723c4000 	C:\Program Files (x86)\Arduino\java\bin\dcpr.dll
0x74fb0000 - 0x75030000 	C:\Windows\System32\clbcatq.dll
0x72230000 - 0x72399000 	C:\Windows\SYSTEM32\WindowsCodecs.dll
0x721f0000 - 0x72221000 	C:\Windows\system32\dataexchange.dll
0x72010000 - 0x721ee000 	C:\Windows\system32\d3d11.dll
0x71ea0000 - 0x7200a000 	C:\Windows\system32\dcomp.dll
0x71dd0000 - 0x71e91000 	C:\Windows\system32\dxgi.dll
0x71be0000 - 0x71dc3000 	C:\Windows\system32\twinapi.appcore.dll
0x71bc0000 - 0x71bdf000 	C:\Windows\system32\RMCLIENT.dll
0x719c0000 - 0x71bb3000 	C:\Windows\System32\uiautomationcore.dll
0x718d0000 - 0x71923000 	C:\Windows\System32\OLEACC.dll
0x64000000 - 0x6401b000 	C:\Program Files (x86)\Arduino\lib\jSSC-2.8_x86.dll
0x73860000 - 0x739ef000 	C:\Windows\SYSTEM32\dbghelp.dll

VM Arguments:
jvm_args: -Dsun.java2d.d3d=false -Djna.nosys=true -Djna.nounpack=true -Djna.boot.library.name=jnidispatch-4.2.2-win32-x86 -Djna.boot.library.path=C:\Program Files (x86)\Arduino/lib -Djssc.library.path=C:\Program Files (x86)\Arduino/lib -DAPP_DIR=C:\Program Files (x86)\Arduino -Xms128M -Xmx512M -Dfile.encoding=UTF8 -Djava.net.preferIPv4Stack=true 
java_command: processing.app.Base G:\Data Gua\TA\Arduini\YES_1_\YES_1_.ino
java_class_path (initial): C:\Program Files (x86)\Arduino\lib\apple.jar;C:\Program Files (x86)\Arduino\lib\arduino-core.jar;C:\Program Files (x86)\Arduino\lib\batik-1.8.jar;C:\Program Files (x86)\Arduino\lib\batik-anim-1.8.jar;C:\Program Files (x86)\Arduino\lib\batik-awt-util-1.8.jar;C:\Program Files (x86)\Arduino\lib\batik-bridge-1.8.jar;C:\Program Files (x86)\Arduino\lib\batik-codec-1.8.jar;C:\Program Files (x86)\Arduino\lib\batik-css-1.8.jar;C:\Program Files (x86)\Arduino\lib\batik-dom-1.8.jar;C:\Program Files (x86)\Arduino\lib\batik-ext-1.8.jar;C:\Program Files (x86)\Arduino\lib\batik-gvt-1.8.jar;C:\Program Files (x86)\Arduino\lib\batik-parser-1.8.jar;C:\Program Files (x86)\Arduino\lib\batik-rasterizer-1.8.jar;C:\Program Files (x86)\Arduino\lib\batik-script-1.8.jar;C:\Program Files (x86)\Arduino\lib\batik-squiggle-1.8.jar;C:\Program Files (x86)\Arduino\lib\batik-svg-dom-1.8.jar;C:\Program Files (x86)\Arduino\lib\batik-svgpp-1.8.jar;C:\Program Files (x86)\Arduino\lib\batik-transcoder-1.8.jar;C:\Program Files (x86)\Arduino\lib\batik-util-1.8.jar;C:\Program Files (x86)\Arduino\lib\batik-xml-1.8.jar;C:\Program Files (x86)\Arduino\lib\bcpg-jdk15on-152.jar;C:\Program Files (x86)\Arduino\lib\bcprov-jdk15on-152.jar;C:\Program Files (x86)\Arduino\lib\commons-codec-1.7.jar;C:\Program Files (x86)\Arduino\lib\commons-compress-1.8.jar;C:\Program Files (x86)\Arduino\lib\commons-exec-1.1.jar;C:\Program Files (x86)\Arduino\lib\commons-httpclient-3.1.jar;C:\Program Files (x86)\Arduino\lib\commons-lang3-3.8.1.jar;C:\Program Files (x86)\Arduino\lib\commons-logging-1.0.4.jar;C:\Program Files (x86)\Arduino\lib\commons-net-3.3.jar;C:\Program Files (x86)\Arduino\lib\commons-io-2.6.jar;C:\Program Files (x86)\Arduino\lib\jackson-annotations-2.9.5.jar;C:\Program Files (x86)\Arduino\lib\jackson-core-2.9.5.jar;C:\Program Files (x86)\Arduino\lib\jackson-databind-2.9.5.jar;C:\Program Files (x86)\Arduino\lib\java-semver-0.8.0.jar;C:\Program Files (x86)\Arduino\lib\jmdns-3.5.5.jar;C:\Program
Launcher Type: SUN_STANDARD

Environment Variables:
PATH=C:\Windows\system32;C:\Windows;C:\Windows\System32\Wbem;C:\Windows\System32\WindowsPowerShell\v1.0\;C:\Windows\System32\OpenSSH\;C:\Users\PURNAMA\AppData\Local\Microsoft\WindowsApps;;C:\Users\PURNAMA\AppData\Local\Programs\Microsoft VS Code\bin;C:\Program Files (x86)\Arduino\java\bin
USERNAME=PURNAMA
OS=Windows_NT
PROCESSOR_IDENTIFIER=Intel64 Family 6 Model 76 Stepping 3, GenuineIntel



---------------  S Y S T E M  ---------------

OS: Windows 10.0 , 64 bit Build 18362 (10.0.18362.1500)

CPU:total 2 (initial active 2) (2 cores per cpu, 1 threads per core) family 6 model 76 stepping 3, cmov, cx8, fxsr, mmx, sse, sse2, sse3, ssse3, sse4.1, sse4.2, popcnt, aes, clmul, erms, 3dnowpref, tsc, tscinvbit

Memory: 4k page, physical 4095500k(1475640k free), swap 5799436k(2368264k free)

vm_info: Java HotSpot(TM) Client VM (25.191-b12) for windows-x86 JRE (1.8.0_191-b12), built on Oct  6 2018 08:34:23 by "java_re" with MS VC++ 10.0 (VS2010)

time: Mon Dec 27 17:51:58 2021
elapsed time: 2320 seconds (0d 0h 38m 40s)

